<?xml version="1.0" encoding="UTF-8"?>
<!-- Generated by org.testng.reporters.JUnitReportReporter -->
<testsuite hostname="Sagar_Rawat" failures="0" tests="5" name="com.qa.opencart.tests.HomePageTest" time="1.484" errors="0" timestamp="2024-08-28T11:53:37 IST" skipped="0">
  <testcase classname="com.qa.opencart.tests.HomePageTest" name="homePageTitleTest" time="0.016"/>
  <testcase classname="com.qa.opencart.tests.HomePageTest" name="searchtest" time="0.473"/>
  <testcase classname="com.qa.opencart.tests.HomePageTest" name="homePageUrl" time="0.000"/>
  <testcase classname="com.qa.opencart.tests.HomePageTest" name="searchtest" time="0.522"/>
  <testcase classname="com.qa.opencart.tests.HomePageTest" name="searchtest" time="0.473"/>
</testsuite> <!-- com.qa.opencart.tests.HomePageTest -->
