<?xml version="1.0" encoding="UTF-8"?>
<!-- Generated by org.testng.reporters.JUnitReportReporter -->
<testsuite hostname="Sagar_Rawat" failures="0" tests="3" name="com.qa.opencart.tests.LoginPageTest" time="0.000" errors="0" timestamp="2024-09-04T13:34:52 IST" skipped="3">
  <testcase classname="com.qa.opencart.tests.LoginPageTest" name="loginPageNavigationtest" time="0.000">
    <skipped/>
  </testcase> <!-- loginPageNavigationtest -->
  <testcase classname="com.qa.opencart.tests.LoginPageTest" name="checkUrl" time="0.000">
    <skipped/>
  </testcase> <!-- checkUrl -->
  <testcase classname="com.qa.opencart.tests.LoginPageTest" name="appLoginTest" time="0.000">
    <skipped/>
  </testcase> <!-- appLoginTest -->
</testsuite> <!-- com.qa.opencart.tests.LoginPageTest -->
