<?xml version="1.0" encoding="UTF-8"?>
<!-- Generated by org.testng.reporters.JUnitReportReporter -->
<testsuite hostname="Sagar_Rawat" failures="0" tests="5" name="com.qa.opencart.tests.HomePageTest" time="0.000" errors="0" timestamp="2024-09-04T13:34:52 IST" skipped="5">
  <testcase classname="com.qa.opencart.tests.HomePageTest" name="searchtest" time="0.000">
    <skipped/>
  </testcase> <!-- searchtest -->
  <testcase classname="com.qa.opencart.tests.HomePageTest" name="homePageTitleTest" time="0.000">
    <skipped/>
  </testcase> <!-- homePageTitleTest -->
  <testcase classname="com.qa.opencart.tests.HomePageTest" name="homePageUrl" time="0.000">
    <skipped/>
  </testcase> <!-- homePageUrl -->
  <testcase classname="com.qa.opencart.tests.HomePageTest" name="searchtest" time="0.000">
    <skipped/>
  </testcase> <!-- searchtest -->
  <testcase classname="com.qa.opencart.tests.HomePageTest" name="searchtest" time="0.000">
    <skipped/>
  </testcase> <!-- searchtest -->
</testsuite> <!-- com.qa.opencart.tests.HomePageTest -->
